<?xml version="1.0" encoding="UTF-8"?>
<!-- Generated by org.testng.reporters.JUnitXMLReporter -->
<testsuite ignored="0" hostname="Namitas-MacBook-Air.local" failures="0" tests="4" name="Amazon Tests" time="292.049" errors="0" timestamp="2025-10-07T14:24:38 BST">
  <testcase classname="test.AmazonLazyLoadingTest" name="testSearchAndVerifyPageTitle" time="3.327"/>
  <testcase classname="test.AmazonLazyLoadingTest" name="testGetNthProduct" time="10.055"/>
  <testcase classname="test.AmazonLazyLoadingTest" name="testGetAllProductsOnScreen" time="261.597"/>
  <testcase classname="test.AmazonLazyLoadingTest" name="testLazyLoadingWithScroll" time="15.087"/>
</testsuite> <!-- Amazon Tests -->
