<?xml version="1.0" encoding="UTF-8"?>
<testng-results ignored="0" total="4" passed="3" failed="1" skipped="0">
  <reporter-output>
  </reporter-output>
  <suite started-at="2025-10-07T14:05:04 BST" name="Default suite" finished-at="2025-10-07T14:09:55 BST" duration-ms="290720">
    <groups>
    </groups>
    <test started-at="2025-10-07T14:05:04 BST" name="Default test" finished-at="2025-10-07T14:09:55 BST" duration-ms="290720">
      <class name="test.AmazonLazyLoadingTest">
        <test-method is-config="true" signature="setUp()[pri:0, instance:test.AmazonLazyLoadingTest@4cc451f2]" started-at="2025-10-07T14:05:04 BST" name="setUp" finished-at="2025-10-07T14:05:06 BST" duration-ms="1644" status="PASS">
          <reporter-output>
          </reporter-output>
        </test-method> <!-- setUp -->
        <test-method signature="testSearchAndVerifyPageTitle()[pri:1, instance:test.AmazonLazyLoadingTest@4cc451f2]" started-at="2025-10-07T14:05:06 BST" name="testSearchAndVerifyPageTitle" finished-at="2025-10-07T14:05:09 BST" duration-ms="2762" status="PASS">
          <reporter-output>
          </reporter-output>
        </test-method> <!-- testSearchAndVerifyPageTitle -->
        <test-method signature="testGetNthProduct()[pri:2, instance:test.AmazonLazyLoadingTest@4cc451f2]" started-at="2025-10-07T14:05:09 BST" name="testGetNthProduct" finished-at="2025-10-07T14:05:19 BST" duration-ms="10068" status="FAIL">
          <exception class="org.openqa.selenium.NoSuchElementException">
            <message>
              <![CDATA[no such element: Unable to locate element: {"method":"css selector","selector":"h2 a span"}
  (Session info: chrome=141.0.7390.55)
For documentation on this error, please visit: https://www.selenium.dev/documentation/webdriver/troubleshooting/errors#no-such-element-exception
Build info: version: '4.22.0', revision: 'c5f3146703*'
System info: os.name: 'Mac OS X', os.arch: 'aarch64', os.version: '15.6.1', java.version: '24.0.1'
Driver info: org.openqa.selenium.chrome.ChromeDriver
Command: [84f81c58e75d3c39ae9434346fc763e4, findChildElement {using=css selector, value=h2 a span, id=f.668F3468AC928B600F163035033FADB6.d.69B5131BEAA4C34B10C1DD5016228D36.e.239}]
Capabilities {acceptInsecureCerts: false, browserName: chrome, browserVersion: 141.0.7390.55, chrome: {chromedriverVersion: 141.0.7390.54 (b95610d5c4a5..., userDataDir: /var/folders/46/3zx9cjx9469...}, fedcm:accounts: true, goog:chromeOptions: {debuggerAddress: localhost:49849}, networkConnectionEnabled: false, pageLoadStrategy: normal, platformName: mac, proxy: Proxy(), se:cdp: ws://localhost:49849/devtoo..., se:cdpVersion: 141.0.7390.55, setWindowRect: true, strictFileInteractability: false, timeouts: {implicit: 0, pageLoad: 300000, script: 30000}, unhandledPromptBehavior: dismiss and notify, webauthn:extension:credBlob: true, webauthn:extension:largeBlob: true, webauthn:extension:minPinLength: true, webauthn:extension:prf: true, webauthn:virtualAuthenticators: true}
Session ID: 84f81c58e75d3c39ae9434346fc763e4]]>
            </message>
            <full-stacktrace>
              <![CDATA[org.openqa.selenium.NoSuchElementException: no such element: Unable to locate element: {"method":"css selector","selector":"h2 a span"}
  (Session info: chrome=141.0.7390.55)
For documentation on this error, please visit: https://www.selenium.dev/documentation/webdriver/troubleshooting/errors#no-such-element-exception
Build info: version: '4.22.0', revision: 'c5f3146703*'
System info: os.name: 'Mac OS X', os.arch: 'aarch64', os.version: '15.6.1', java.version: '24.0.1'
Driver info: org.openqa.selenium.chrome.ChromeDriver
Command: [84f81c58e75d3c39ae9434346fc763e4, findChildElement {using=css selector, value=h2 a span, id=f.668F3468AC928B600F163035033FADB6.d.69B5131BEAA4C34B10C1DD5016228D36.e.239}]
Capabilities {acceptInsecureCerts: false, browserName: chrome, browserVersion: 141.0.7390.55, chrome: {chromedriverVersion: 141.0.7390.54 (b95610d5c4a5..., userDataDir: /var/folders/46/3zx9cjx9469...}, fedcm:accounts: true, goog:chromeOptions: {debuggerAddress: localhost:49849}, networkConnectionEnabled: false, pageLoadStrategy: normal, platformName: mac, proxy: Proxy(), se:cdp: ws://localhost:49849/devtoo..., se:cdpVersion: 141.0.7390.55, setWindowRect: true, strictFileInteractability: false, timeouts: {implicit: 0, pageLoad: 300000, script: 30000}, unhandledPromptBehavior: dismiss and notify, webauthn:extension:credBlob: true, webauthn:extension:largeBlob: true, webauthn:extension:minPinLength: true, webauthn:extension:prf: true, webauthn:virtualAuthenticators: true}
Session ID: 84f81c58e75d3c39ae9434346fc763e4
at java.base/jdk.internal.reflect.DirectConstructorHandleAccessor.newInstance(DirectConstructorHandleAccessor.java:62)
at java.base/java.lang.reflect.Constructor.newInstanceWithCaller(Constructor.java:499)
at java.base/java.lang.reflect.Constructor.newInstance(Constructor.java:483)
at org.openqa.selenium.remote.ErrorCodec.decode(ErrorCodec.java:167)
at org.openqa.selenium.remote.codec.w3c.W3CHttpResponseCodec.decode(W3CHttpResponseCodec.java:138)
at org.openqa.selenium.remote.codec.w3c.W3CHttpResponseCodec.decode(W3CHttpResponseCodec.java:50)
at org.openqa.selenium.remote.HttpCommandExecutor.execute(HttpCommandExecutor.java:190)
at org.openqa.selenium.remote.service.DriverCommandExecutor.invokeExecute(DriverCommandExecutor.java:216)
at org.openqa.selenium.remote.service.DriverCommandExecutor.execute(DriverCommandExecutor.java:174)
at org.openqa.selenium.remote.RemoteWebDriver.execute(RemoteWebDriver.java:518)
at org.openqa.selenium.remote.ElementLocation$ElementFinder$2.findElement(ElementLocation.java:165)
at org.openqa.selenium.remote.ElementLocation.findElement(ElementLocation.java:59)
at org.openqa.selenium.remote.RemoteWebDriver.findElement(RemoteWebDriver.java:355)
at org.openqa.selenium.remote.RemoteWebElement.findElement(RemoteWebElement.java:211)
at test.AmazonLazyLoadingTest.testGetNthProduct(AmazonLazyLoadingTest.java:32)
at java.base/jdk.internal.reflect.DirectMethodHandleAccessor.invoke(DirectMethodHandleAccessor.java:104)
at java.base/java.lang.reflect.Method.invoke(Method.java:565)
at org.testng.internal.invokers.MethodInvocationHelper.invokeMethod(MethodInvocationHelper.java:141)
at org.testng.internal.invokers.TestInvoker.invokeMethod(TestInvoker.java:686)
at org.testng.internal.invokers.TestInvoker.invokeTestMethod(TestInvoker.java:230)
at org.testng.internal.invokers.MethodRunner.runInSequence(MethodRunner.java:63)
at org.testng.internal.invokers.TestInvoker$MethodInvocationAgent.invoke(TestInvoker.java:992)
at org.testng.internal.invokers.TestInvoker.invokeTestMethods(TestInvoker.java:203)
at org.testng.internal.invokers.TestMethodWorker.invokeTestMethods(TestMethodWorker.java:154)
at org.testng.internal.invokers.TestMethodWorker.run(TestMethodWorker.java:134)
at java.base/java.util.ArrayList.forEach(ArrayList.java:1604)
at org.testng.TestRunner.privateRun(TestRunner.java:739)
at org.testng.TestRunner.run(TestRunner.java:614)
at org.testng.SuiteRunner.runTest(SuiteRunner.java:421)
at org.testng.SuiteRunner.runSequentially(SuiteRunner.java:413)
at org.testng.SuiteRunner.privateRun(SuiteRunner.java:373)
at org.testng.SuiteRunner.run(SuiteRunner.java:312)
at org.testng.SuiteRunnerWorker.runSuite(SuiteRunnerWorker.java:52)
at org.testng.SuiteRunnerWorker.run(SuiteRunnerWorker.java:95)
at org.testng.TestNG.runSuitesSequentially(TestNG.java:1274)
at org.testng.TestNG.runSuitesLocally(TestNG.java:1208)
at org.testng.TestNG.runSuites(TestNG.java:1112)
at org.testng.TestNG.run(TestNG.java:1079)
at org.testng.remote.AbstractRemoteTestNG.run(AbstractRemoteTestNG.java:115)
at org.testng.remote.RemoteTestNG.initAndRun(RemoteTestNG.java:293)
at org.testng.remote.RemoteTestNG.main(RemoteTestNG.java:91)
]]>
            </full-stacktrace>
          </exception> <!-- org.openqa.selenium.NoSuchElementException -->
          <reporter-output>
          </reporter-output>
        </test-method> <!-- testGetNthProduct -->
        <test-method signature="testGetAllProductsOnScreen()[pri:3, instance:test.AmazonLazyLoadingTest@4cc451f2]" started-at="2025-10-07T14:05:19 BST" name="testGetAllProductsOnScreen" finished-at="2025-10-07T14:09:40 BST" duration-ms="261004" status="PASS">
          <reporter-output>
          </reporter-output>
        </test-method> <!-- testGetAllProductsOnScreen -->
        <test-method signature="testLazyLoadingWithScroll()[pri:4, instance:test.AmazonLazyLoadingTest@4cc451f2]" started-at="2025-10-07T14:09:40 BST" name="testLazyLoadingWithScroll" finished-at="2025-10-07T14:09:55 BST" duration-ms="15096" status="PASS">
          <reporter-output>
          </reporter-output>
        </test-method> <!-- testLazyLoadingWithScroll -->
        <test-method is-config="true" signature="tearDown()[pri:0, instance:test.AmazonLazyLoadingTest@4cc451f2]" started-at="2025-10-07T14:09:55 BST" name="tearDown" finished-at="2025-10-07T14:09:55 BST" duration-ms="121" status="PASS">
          <reporter-output>
          </reporter-output>
        </test-method> <!-- tearDown -->
      </class> <!-- test.AmazonLazyLoadingTest -->
    </test> <!-- Default test -->
  </suite> <!-- Default suite -->
</testng-results>
