<?xml version="1.0" encoding="UTF-8"?>
<testsuite xmlns:xsi="http://www.w3.org/2001/XMLSchema-instance" xsi:noNamespaceSchemaLocation="https://maven.apache.org/surefire/maven-surefire-plugin/xsd/surefire-test-report-3.0.xsd" version="3.0" name="TestSuite" time="292.196" tests="4" errors="0" skipped="0" failures="0">
  <properties>
[...]
</properties>
  <testcase name="testSearchAndVerifyPageTitle" classname="test.AmazonLazyLoadingTest" time="3.329">
    <system-out><![CDATA[✅ Search completed and results page displayed.
]]></system-out>
    <system-err><![CDATA[SLF4J: Failed to load class "org.slf4j.impl.StaticLoggerBinder".
SLF4J: Defaulting to no-operation (NOP) logger implementation
SLF4J: See http://www.slf4j.org/codes.html#StaticLoggerBinder for further details.
Oct 07, 2025 2:19:48 PM org.openqa.selenium.devtools.CdpVersionFinder findNearestMatch
WARNING: Unable to find CDP implementation matching 141
Oct 07, 2025 2:19:48 PM org.openqa.selenium.chromium.ChromiumDriver lambda$new$5
WARNING: Unable to find version of CDP to use for 141.0.7390.55. You may need to include a dependency on a specific version of the CDP using something similar to `org.seleniumhq.selenium:selenium-devtools-v86:4.22.0` where the version ("v86") matches the version of the chromium-based browser you're using and the version number of the artifact is the same as Selenium's.
]]></system-err>
  </testcase>
  <testcase name="testGetNthProduct" classname="test.AmazonLazyLoadingTest" time="10.053">
    <system-out><![CDATA[✅ 5th Product: Best seller
]]></system-out>
  </testcase>
  <testcase name="testGetAllProductsOnScreen" classname="test.AmazonLazyLoadingTest" time="261.597">
    <system-out><![CDATA[🟢 Products on screen: 26
1. 
2. 
3. Best seller
4. Best seller
5. Best seller
6. iPhone Air 256 GB: Thinnest iPhone Ever, 16.63 cm (6.5″) Display with Promotion up to 120Hz, Powerful A19 Pro Chip, Center Stage Front Camera, All-Day Battery Life; Light Gold
7. Best seller
8. amazon basics Luxury Paper Thin Case Cover for iPhone 13 / iPhone 14 | Matte Finish | Compatible with magsafe | (Blue, iPhone 13 / iPhone 14)
9. Amazon Brand - Solimo Tempered Glass Camera Lens Protector for iPhone 13 6.1"& iPhone 13 Mini 5.4",Ultra Clear 9H Hardness Glass Camera Lens Protector Compatible with (iPhone 13/13 Mini)
10. OpenTech® Military-Grade Premium Tempered Glass Screen Protector for iPhone 13/13 Pro / 14 / 16e with Edge to Edge Coverage - Case Friendly, Anti-scratch and Bubble free installation kit
11. Amazon Brand - Solimo Tempered Glass Camera Lens Protector for iPhone 13 (6.1 Inch) & iPhone 13 Mini (5.4 Inch) | Glass Lens Cover (Black)
12. Prolet Case Cover Compatible with iPhone 13 Silicone Case Cover Clear Transparent Shockproof Protective Phone Soft Silicone Slim Cover Compatible with iPhone 13 (Transparent)
13. UNBREAKcable USB Type C to Lightning Cable 27W [MFi Certified + 2 Years Warranty*] Fast Charger Cable for iPhone 14/13/12/11/X/XS/XR/8/Plus, iPad Mini/Pro/Max, USB Type-C Power Delivery Cord,1M, White
14. TheGiftKart Ultra-Hybrid Back Cover Case for iPhone 13 / iPhone 14 Compatible with MagSafe | Camera Protection | Hard Crystal Clear Transparent Back Cover for iPhone 13/14 (PC & TPU, Blue Bumper)
15. VONZEE Thermoplastic Polyurethane Transparent Case Compatible With iPhone 13 (6.1 Inch), Luxury Electroplated Soft Edge Bumper Case, Full Camera Protection & Shockproof Case Cover (Rose Pink)
16. iPhone Air 256 GB: Thinnest iPhone Ever, 16.63 cm (6.5″) Display with Promotion up to 120Hz, Powerful A19 Pro Chip, Center Stage Front Camera, All-Day Battery Life; Sky Blue
17. TheGiftKart Genuine Leather Finish iPhone 13 Back Cover Case | Shockproof Design | Raised Edges for Camera & Screen Protection | Stunning Minimalist Design Back Case Cover for iPhone 13 (Brown)
18. Enflamo for iPhone 13 Case Matte Back Silicone Cover 3D Designed | Camera Bump Protection (Brown)
19. amazon basics Luxury Paper Thin Case Cover for iPhone 13 / iPhone 14 | Matte Finish | Compatible with magsafe | (Black, iPhone 13 / iPhone 14)
20. EGOTUDE Polycarbonate Magnet Stand Case for iPhone 13 | Translucent Frosted Hard Back Cover Compatible with Mag
21. SKYCELL Charger Case Cover with Full Cable Protector 3D Cute Pattern Compatible for iPhone Charger Only 18W & 20W iPhone 16,iPhone 13,iPhone 15,iPhone 14 (Black Astronaut)
22. Apple iPhone 14 (256 GB) - Starlight
23. Best seller
24. Prolet Premium Flexible PU Leather Cover for iPhone 13 | Soft -Touch | Stylish | Durable | Camera Protective (Titanium Grey)
25. OnePlus Nord CE4 Lite 5G (Super Silver, 8GB RAM, 128GB Storage) | Lifetime Display Warranty | 5500 mAh Battery, 80W SUPERVOOC and Reverse Charging | 50MP Camera with OIS | 120Hz AMOLED Display
26. Best seller
]]></system-out>
  </testcase>
  <testcase name="testLazyLoadingWithScroll" classname="test.AmazonLazyLoadingTest" time="15.088">
    <system-out><![CDATA[🟣 Total products after scrolling: 26
✅ Lazy loading verified successfully.
]]></system-out>
  </testcase>
</testsuite>